<?xml version="1.0" encoding="UTF-8"?>
<testsuite xmlns:xsi="http://www.w3.org/2001/XMLSchema-instance" xsi:noNamespaceSchemaLocation="https://maven.apache.org/surefire/maven-surefire-plugin/xsd/surefire-test-report-3.0.xsd" version="3.0" name="TestSuite" time="5.598" tests="4" errors="0" skipped="0" failures="0">
  <properties>
    <property name="sun.desktop" value="windows"/>
    <property name="awt.toolkit" value="sun.awt.windows.WToolkit"/>
    <property name="file.encoding.pkg" value="sun.io"/>
    <property name="java.specification.version" value="1.8"/>
    <property name="sun.cpu.isalist" value="amd64"/>
    <property name="sun.jnu.encoding" value="Cp1252"/>
    <property name="java.class.path" value="D:\UdemyWS\MavenDemoProject\DemoMavenProject\target\test-classes;D:\UdemyWS\MavenDemoProject\DemoMavenProject\target\classes;C:\Users\devendra_parate\.m2\repository\org\seleniumhq\selenium\selenium-java\3.141.59\selenium-java-3.141.59.jar;C:\Users\devendra_parate\.m2\repository\org\seleniumhq\selenium\selenium-api\3.141.59\selenium-api-3.141.59.jar;C:\Users\devendra_parate\.m2\repository\org\seleniumhq\selenium\selenium-chrome-driver\3.141.59\selenium-chrome-driver-3.141.59.jar;C:\Users\devendra_parate\.m2\repository\org\seleniumhq\selenium\selenium-edge-driver\3.141.59\selenium-edge-driver-3.141.59.jar;C:\Users\devendra_parate\.m2\repository\org\seleniumhq\selenium\selenium-firefox-driver\3.141.59\selenium-firefox-driver-3.141.59.jar;C:\Users\devendra_parate\.m2\repository\org\seleniumhq\selenium\selenium-ie-driver\3.141.59\selenium-ie-driver-3.141.59.jar;C:\Users\devendra_parate\.m2\repository\org\seleniumhq\selenium\selenium-opera-driver\3.141.59\selenium-opera-driver-3.141.59.jar;C:\Users\devendra_parate\.m2\repository\org\seleniumhq\selenium\selenium-remote-driver\3.141.59\selenium-remote-driver-3.141.59.jar;C:\Users\devendra_parate\.m2\repository\org\seleniumhq\selenium\selenium-safari-driver\3.141.59\selenium-safari-driver-3.141.59.jar;C:\Users\devendra_parate\.m2\repository\org\seleniumhq\selenium\selenium-support\3.141.59\selenium-support-3.141.59.jar;C:\Users\devendra_parate\.m2\repository\net\bytebuddy\byte-buddy\1.8.15\byte-buddy-1.8.15.jar;C:\Users\devendra_parate\.m2\repository\org\apache\commons\commons-exec\1.3\commons-exec-1.3.jar;C:\Users\devendra_parate\.m2\repository\com\google\guava\guava\25.0-jre\guava-25.0-jre.jar;C:\Users\devendra_parate\.m2\repository\com\google\code\findbugs\jsr305\1.3.9\jsr305-1.3.9.jar;C:\Users\devendra_parate\.m2\repository\org\checkerframework\checker-compat-qual\2.0.0\checker-compat-qual-2.0.0.jar;C:\Users\devendra_parate\.m2\repository\com\google\errorprone\error_prone_annotations\2.1.3\error_prone_annotations-2.1.3.jar;C:\Users\devendra_parate\.m2\repository\com\google\j2objc\j2objc-annotations\1.1\j2objc-annotations-1.1.jar;C:\Users\devendra_parate\.m2\repository\org\codehaus\mojo\animal-sniffer-annotations\1.14\animal-sniffer-annotations-1.14.jar;C:\Users\devendra_parate\.m2\repository\com\squareup\okhttp3\okhttp\3.11.0\okhttp-3.11.0.jar;C:\Users\devendra_parate\.m2\repository\com\squareup\okio\okio\1.14.0\okio-1.14.0.jar;C:\Users\devendra_parate\.m2\repository\org\testng\testng\6.14.3\testng-6.14.3.jar;C:\Users\devendra_parate\.m2\repository\com\beust\jcommander\1.72\jcommander-1.72.jar;C:\Users\devendra_parate\.m2\repository\org\apache-extras\beanshell\bsh\2.0b6\bsh-2.0b6.jar;C:\Users\devendra_parate\.m2\repository\org\apache\maven\plugins\maven-compiler-plugin\2.3.2\maven-compiler-plugin-2.3.2.jar;C:\Users\devendra_parate\.m2\repository\org\apache\maven\maven-plugin-api\2.0.6\maven-plugin-api-2.0.6.jar;C:\Users\devendra_parate\.m2\repository\org\apache\maven\maven-artifact\2.0.6\maven-artifact-2.0.6.jar;C:\Users\devendra_parate\.m2\repository\org\apache\maven\maven-core\2.0.6\maven-core-2.0.6.jar;C:\Users\devendra_parate\.m2\repository\org\apache\maven\maven-settings\2.0.6\maven-settings-2.0.6.jar;C:\Users\devendra_parate\.m2\repository\org\apache\maven\maven-plugin-parameter-documenter\2.0.6\maven-plugin-parameter-documenter-2.0.6.jar;C:\Users\devendra_parate\.m2\repository\org\apache\maven\maven-profile\2.0.6\maven-profile-2.0.6.jar;C:\Users\devendra_parate\.m2\repository\org\apache\maven\wagon\wagon-provider-api\1.0-beta-2\wagon-provider-api-1.0-beta-2.jar;C:\Users\devendra_parate\.m2\repository\org\apache\maven\maven-repository-metadata\2.0.6\maven-repository-metadata-2.0.6.jar;C:\Users\devendra_parate\.m2\repository\org\apache\maven\maven-error-diagnostics\2.0.6\maven-error-diagnostics-2.0.6.jar;C:\Users\devendra_parate\.m2\repository\org\apache\maven\maven-plugin-descriptor\2.0.6\maven-plugin-descriptor-2.0.6.jar;C:\Users\devendra_parate\.m2\repository\org\apache\maven\maven-artifact-manager\2.0.6\maven-artifact-manager-2.0.6.jar;C:\Users\devendra_parate\.m2\repository\org\apache\maven\maven-monitor\2.0.6\maven-monitor-2.0.6.jar;C:\Users\devendra_parate\.m2\repository\org\apache\maven\maven-toolchain\1.0\maven-toolchain-1.0.jar;C:\Users\devendra_parate\.m2\repository\org\codehaus\plexus\plexus-utils\2.0.5\plexus-utils-2.0.5.jar;C:\Users\devendra_parate\.m2\repository\org\codehaus\plexus\plexus-compiler-api\1.8.1\plexus-compiler-api-1.8.1.jar;C:\Users\devendra_parate\.m2\repository\org\codehaus\plexus\plexus-compiler-manager\1.8.1\plexus-compiler-manager-1.8.1.jar;C:\Users\devendra_parate\.m2\repository\org\codehaus\plexus\plexus-compiler-javac\1.8.1\plexus-compiler-javac-1.8.1.jar;C:\Users\devendra_parate\.m2\repository\org\apache\maven\plugins\maven-clean-plugin\2.4.1\maven-clean-plugin-2.4.1.jar;C:\Users\devendra_parate\.m2\repository\org\apache\maven\plugins\maven-jar-plugin\2.3.1\maven-jar-plugin-2.3.1.jar;C:\Users\devendra_parate\.m2\repository\org\apache\maven\maven-project\2.0.6\maven-project-2.0.6.jar;C:\Users\devendra_parate\.m2\repository\org\apache\maven\maven-plugin-registry\2.0.6\maven-plugin-registry-2.0.6.jar;C:\Users\devendra_parate\.m2\repository\org\codehaus\plexus\plexus-container-default\1.0-alpha-9-stable-1\plexus-container-default-1.0-alpha-9-stable-1.jar;C:\Users\devendra_parate\.m2\repository\junit\junit\3.8.1\junit-3.8.1.jar;C:\Users\devendra_parate\.m2\repository\classworlds\classworlds\1.1-alpha-2\classworlds-1.1-alpha-2.jar;C:\Users\devendra_parate\.m2\repository\org\apache\maven\maven-model\2.0.6\maven-model-2.0.6.jar;C:\Users\devendra_parate\.m2\repository\org\apache\maven\maven-archiver\2.4.1\maven-archiver-2.4.1.jar;C:\Users\devendra_parate\.m2\repository\org\codehaus\plexus\plexus-interpolation\1.13\plexus-interpolation-1.13.jar;C:\Users\devendra_parate\.m2\repository\org\codehaus\plexus\plexus-archiver\1.0\plexus-archiver-1.0.jar;C:\Users\devendra_parate\.m2\repository\org\codehaus\plexus\plexus-io\1.0\plexus-io-1.0.jar;C:\Users\devendra_parate\.m2\repository\commons-lang\commons-lang\2.1\commons-lang-2.1.jar;C:\Users\devendra_parate\.m2\repository\org\apache\maven\plugins\maven-surefire-plugin\3.0.0-M4\maven-surefire-plugin-3.0.0-M4.jar;C:\Users\devendra_parate\.m2\repository\org\apache\maven\surefire\maven-surefire-common\3.0.0-M4\maven-surefire-common-3.0.0-M4.jar;C:\Users\devendra_parate\.m2\repository\org\apache\maven\surefire\surefire-api\3.0.0-M4\surefire-api-3.0.0-M4.jar;C:\Users\devendra_parate\.m2\repository\org\apache\maven\surefire\surefire-logger-api\3.0.0-M4\surefire-logger-api-3.0.0-M4.jar;C:\Users\devendra_parate\.m2\repository\org\apache\maven\surefire\surefire-extensions-api\3.0.0-M4\surefire-extensions-api-3.0.0-M4.jar;C:\Users\devendra_parate\.m2\repository\org\apache\maven\surefire\surefire-booter\3.0.0-M4\surefire-booter-3.0.0-M4.jar;C:\Users\devendra_parate\.m2\repository\org\apache\maven\shared\maven-artifact-transfer\0.11.0\maven-artifact-transfer-0.11.0.jar;C:\Users\devendra_parate\.m2\repository\org\apache\maven\shared\maven-common-artifact-filters\3.0.1\maven-common-artifact-filters-3.0.1.jar;C:\Users\devendra_parate\.m2\repository\org\sonatype\sisu\sisu-inject-plexus\1.4.2\sisu-inject-plexus-1.4.2.jar;C:\Users\devendra_parate\.m2\repository\org\codehaus\plexus\plexus-classworlds\2.2.3\plexus-classworlds-2.2.3.jar;C:\Users\devendra_parate\.m2\repository\org\sonatype\sisu\sisu-inject-bean\1.4.2\sisu-inject-bean-1.4.2.jar;C:\Users\devendra_parate\.m2\repository\org\sonatype\sisu\sisu-guice\2.1.7\sisu-guice-2.1.7-noaop.jar;C:\Users\devendra_parate\.m2\repository\org\apache\maven\shared\maven-shared-utils\3.1.0\maven-shared-utils-3.1.0.jar;C:\Users\devendra_parate\.m2\repository\commons-io\commons-io\2.5\commons-io-2.5.jar;C:\Users\devendra_parate\.m2\repository\commons-codec\commons-codec\1.11\commons-codec-1.11.jar;C:\Users\devendra_parate\.m2\repository\org\codehaus\plexus\plexus-java\1.0.3\plexus-java-1.0.3.jar;C:\Users\devendra_parate\.m2\repository\org\ow2\asm\asm\7.0\asm-7.0.jar;C:\Users\devendra_parate\.m2\repository\com\thoughtworks\qdox\qdox\2.0-M9\qdox-2.0-M9.jar;"/>
    <property name="java.vm.vendor" value="Oracle Corporation"/>
    <property name="sun.arch.data.model" value="64"/>
    <property name="user.variant" value=""/>
    <property name="java.vendor.url" value="http://java.oracle.com/"/>
    <property name="user.timezone" value="Asia/Calcutta"/>
    <property name="java.vm.specification.version" value="1.8"/>
    <property name="os.name" value="Windows 10"/>
    <property name="user.country" value="IN"/>
    <property name="sun.java.launcher" value="SUN_STANDARD"/>
    <property name="sun.boot.library.path" value="C:\Program Files\Java\jdk1.8.0_144\jre\bin"/>
    <property name="sun.java.command" value="C:\Users\devendra_parate\AppData\Local\Temp\surefire3012398192867870938\surefirebooter4034580845179390265.jar C:\Users\devendra_parate\AppData\Local\Temp\surefire3012398192867870938 2019-12-05T20-57-28_101-jvmRun1 surefire1757158869735965502tmp surefire_06567460728736744279tmp"/>
    <property name="surefire.test.class.path" value="D:\UdemyWS\MavenDemoProject\DemoMavenProject\target\test-classes;D:\UdemyWS\MavenDemoProject\DemoMavenProject\target\classes;C:\Users\devendra_parate\.m2\repository\org\seleniumhq\selenium\selenium-java\3.141.59\selenium-java-3.141.59.jar;C:\Users\devendra_parate\.m2\repository\org\seleniumhq\selenium\selenium-api\3.141.59\selenium-api-3.141.59.jar;C:\Users\devendra_parate\.m2\repository\org\seleniumhq\selenium\selenium-chrome-driver\3.141.59\selenium-chrome-driver-3.141.59.jar;C:\Users\devendra_parate\.m2\repository\org\seleniumhq\selenium\selenium-edge-driver\3.141.59\selenium-edge-driver-3.141.59.jar;C:\Users\devendra_parate\.m2\repository\org\seleniumhq\selenium\selenium-firefox-driver\3.141.59\selenium-firefox-driver-3.141.59.jar;C:\Users\devendra_parate\.m2\repository\org\seleniumhq\selenium\selenium-ie-driver\3.141.59\selenium-ie-driver-3.141.59.jar;C:\Users\devendra_parate\.m2\repository\org\seleniumhq\selenium\selenium-opera-driver\3.141.59\selenium-opera-driver-3.141.59.jar;C:\Users\devendra_parate\.m2\repository\org\seleniumhq\selenium\selenium-remote-driver\3.141.59\selenium-remote-driver-3.141.59.jar;C:\Users\devendra_parate\.m2\repository\org\seleniumhq\selenium\selenium-safari-driver\3.141.59\selenium-safari-driver-3.141.59.jar;C:\Users\devendra_parate\.m2\repository\org\seleniumhq\selenium\selenium-support\3.141.59\selenium-support-3.141.59.jar;C:\Users\devendra_parate\.m2\repository\net\bytebuddy\byte-buddy\1.8.15\byte-buddy-1.8.15.jar;C:\Users\devendra_parate\.m2\repository\org\apache\commons\commons-exec\1.3\commons-exec-1.3.jar;C:\Users\devendra_parate\.m2\repository\com\google\guava\guava\25.0-jre\guava-25.0-jre.jar;C:\Users\devendra_parate\.m2\repository\com\google\code\findbugs\jsr305\1.3.9\jsr305-1.3.9.jar;C:\Users\devendra_parate\.m2\repository\org\checkerframework\checker-compat-qual\2.0.0\checker-compat-qual-2.0.0.jar;C:\Users\devendra_parate\.m2\repository\com\google\errorprone\error_prone_annotations\2.1.3\error_prone_annotations-2.1.3.jar;C:\Users\devendra_parate\.m2\repository\com\google\j2objc\j2objc-annotations\1.1\j2objc-annotations-1.1.jar;C:\Users\devendra_parate\.m2\repository\org\codehaus\mojo\animal-sniffer-annotations\1.14\animal-sniffer-annotations-1.14.jar;C:\Users\devendra_parate\.m2\repository\com\squareup\okhttp3\okhttp\3.11.0\okhttp-3.11.0.jar;C:\Users\devendra_parate\.m2\repository\com\squareup\okio\okio\1.14.0\okio-1.14.0.jar;C:\Users\devendra_parate\.m2\repository\org\testng\testng\6.14.3\testng-6.14.3.jar;C:\Users\devendra_parate\.m2\repository\com\beust\jcommander\1.72\jcommander-1.72.jar;C:\Users\devendra_parate\.m2\repository\org\apache-extras\beanshell\bsh\2.0b6\bsh-2.0b6.jar;C:\Users\devendra_parate\.m2\repository\org\apache\maven\plugins\maven-compiler-plugin\2.3.2\maven-compiler-plugin-2.3.2.jar;C:\Users\devendra_parate\.m2\repository\org\apache\maven\maven-plugin-api\2.0.6\maven-plugin-api-2.0.6.jar;C:\Users\devendra_parate\.m2\repository\org\apache\maven\maven-artifact\2.0.6\maven-artifact-2.0.6.jar;C:\Users\devendra_parate\.m2\repository\org\apache\maven\maven-core\2.0.6\maven-core-2.0.6.jar;C:\Users\devendra_parate\.m2\repository\org\apache\maven\maven-settings\2.0.6\maven-settings-2.0.6.jar;C:\Users\devendra_parate\.m2\repository\org\apache\maven\maven-plugin-parameter-documenter\2.0.6\maven-plugin-parameter-documenter-2.0.6.jar;C:\Users\devendra_parate\.m2\repository\org\apache\maven\maven-profile\2.0.6\maven-profile-2.0.6.jar;C:\Users\devendra_parate\.m2\repository\org\apache\maven\wagon\wagon-provider-api\1.0-beta-2\wagon-provider-api-1.0-beta-2.jar;C:\Users\devendra_parate\.m2\repository\org\apache\maven\maven-repository-metadata\2.0.6\maven-repository-metadata-2.0.6.jar;C:\Users\devendra_parate\.m2\repository\org\apache\maven\maven-error-diagnostics\2.0.6\maven-error-diagnostics-2.0.6.jar;C:\Users\devendra_parate\.m2\repository\org\apache\maven\maven-plugin-descriptor\2.0.6\maven-plugin-descriptor-2.0.6.jar;C:\Users\devendra_parate\.m2\repository\org\apache\maven\maven-artifact-manager\2.0.6\maven-artifact-manager-2.0.6.jar;C:\Users\devendra_parate\.m2\repository\org\apache\maven\maven-monitor\2.0.6\maven-monitor-2.0.6.jar;C:\Users\devendra_parate\.m2\repository\org\apache\maven\maven-toolchain\1.0\maven-toolchain-1.0.jar;C:\Users\devendra_parate\.m2\repository\org\codehaus\plexus\plexus-utils\2.0.5\plexus-utils-2.0.5.jar;C:\Users\devendra_parate\.m2\repository\org\codehaus\plexus\plexus-compiler-api\1.8.1\plexus-compiler-api-1.8.1.jar;C:\Users\devendra_parate\.m2\repository\org\codehaus\plexus\plexus-compiler-manager\1.8.1\plexus-compiler-manager-1.8.1.jar;C:\Users\devendra_parate\.m2\repository\org\codehaus\plexus\plexus-compiler-javac\1.8.1\plexus-compiler-javac-1.8.1.jar;C:\Users\devendra_parate\.m2\repository\org\apache\maven\plugins\maven-clean-plugin\2.4.1\maven-clean-plugin-2.4.1.jar;C:\Users\devendra_parate\.m2\repository\org\apache\maven\plugins\maven-jar-plugin\2.3.1\maven-jar-plugin-2.3.1.jar;C:\Users\devendra_parate\.m2\repository\org\apache\maven\maven-project\2.0.6\maven-project-2.0.6.jar;C:\Users\devendra_parate\.m2\repository\org\apache\maven\maven-plugin-registry\2.0.6\maven-plugin-registry-2.0.6.jar;C:\Users\devendra_parate\.m2\repository\org\codehaus\plexus\plexus-container-default\1.0-alpha-9-stable-1\plexus-container-default-1.0-alpha-9-stable-1.jar;C:\Users\devendra_parate\.m2\repository\junit\junit\3.8.1\junit-3.8.1.jar;C:\Users\devendra_parate\.m2\repository\classworlds\classworlds\1.1-alpha-2\classworlds-1.1-alpha-2.jar;C:\Users\devendra_parate\.m2\repository\org\apache\maven\maven-model\2.0.6\maven-model-2.0.6.jar;C:\Users\devendra_parate\.m2\repository\org\apache\maven\maven-archiver\2.4.1\maven-archiver-2.4.1.jar;C:\Users\devendra_parate\.m2\repository\org\codehaus\plexus\plexus-interpolation\1.13\plexus-interpolation-1.13.jar;C:\Users\devendra_parate\.m2\repository\org\codehaus\plexus\plexus-archiver\1.0\plexus-archiver-1.0.jar;C:\Users\devendra_parate\.m2\repository\org\codehaus\plexus\plexus-io\1.0\plexus-io-1.0.jar;C:\Users\devendra_parate\.m2\repository\commons-lang\commons-lang\2.1\commons-lang-2.1.jar;C:\Users\devendra_parate\.m2\repository\org\apache\maven\plugins\maven-surefire-plugin\3.0.0-M4\maven-surefire-plugin-3.0.0-M4.jar;C:\Users\devendra_parate\.m2\repository\org\apache\maven\surefire\maven-surefire-common\3.0.0-M4\maven-surefire-common-3.0.0-M4.jar;C:\Users\devendra_parate\.m2\repository\org\apache\maven\surefire\surefire-api\3.0.0-M4\surefire-api-3.0.0-M4.jar;C:\Users\devendra_parate\.m2\repository\org\apache\maven\surefire\surefire-logger-api\3.0.0-M4\surefire-logger-api-3.0.0-M4.jar;C:\Users\devendra_parate\.m2\repository\org\apache\maven\surefire\surefire-extensions-api\3.0.0-M4\surefire-extensions-api-3.0.0-M4.jar;C:\Users\devendra_parate\.m2\repository\org\apache\maven\surefire\surefire-booter\3.0.0-M4\surefire-booter-3.0.0-M4.jar;C:\Users\devendra_parate\.m2\repository\org\apache\maven\shared\maven-artifact-transfer\0.11.0\maven-artifact-transfer-0.11.0.jar;C:\Users\devendra_parate\.m2\repository\org\apache\maven\shared\maven-common-artifact-filters\3.0.1\maven-common-artifact-filters-3.0.1.jar;C:\Users\devendra_parate\.m2\repository\org\sonatype\sisu\sisu-inject-plexus\1.4.2\sisu-inject-plexus-1.4.2.jar;C:\Users\devendra_parate\.m2\repository\org\codehaus\plexus\plexus-classworlds\2.2.3\plexus-classworlds-2.2.3.jar;C:\Users\devendra_parate\.m2\repository\org\sonatype\sisu\sisu-inject-bean\1.4.2\sisu-inject-bean-1.4.2.jar;C:\Users\devendra_parate\.m2\repository\org\sonatype\sisu\sisu-guice\2.1.7\sisu-guice-2.1.7-noaop.jar;C:\Users\devendra_parate\.m2\repository\org\apache\maven\shared\maven-shared-utils\3.1.0\maven-shared-utils-3.1.0.jar;C:\Users\devendra_parate\.m2\repository\commons-io\commons-io\2.5\commons-io-2.5.jar;C:\Users\devendra_parate\.m2\repository\commons-codec\commons-codec\1.11\commons-codec-1.11.jar;C:\Users\devendra_parate\.m2\repository\org\codehaus\plexus\plexus-java\1.0.3\plexus-java-1.0.3.jar;C:\Users\devendra_parate\.m2\repository\org\ow2\asm\asm\7.0\asm-7.0.jar;C:\Users\devendra_parate\.m2\repository\com\thoughtworks\qdox\qdox\2.0-M9\qdox-2.0-M9.jar;"/>
    <property name="sun.cpu.endian" value="little"/>
    <property name="user.home" value="C:\Users\devendra_parate"/>
    <property name="user.language" value="en"/>
    <property name="java.specification.vendor" value="Oracle Corporation"/>
    <property name="java.home" value="C:\Program Files\Java\jdk1.8.0_144\jre"/>
    <property name="basedir" value="D:\UdemyWS\MavenDemoProject\DemoMavenProject"/>
    <property name="file.separator" value="\"/>
    <property name="line.separator" value="&#10;"/>
    <property name="java.vm.specification.vendor" value="Oracle Corporation"/>
    <property name="java.specification.name" value="Java Platform API Specification"/>
    <property name="java.awt.graphicsenv" value="sun.awt.Win32GraphicsEnvironment"/>
    <property name="surefire.real.class.path" value="C:\Users\devendra_parate\AppData\Local\Temp\surefire3012398192867870938\surefirebooter4034580845179390265.jar"/>
    <property name="sun.boot.class.path" value="C:\Program Files\Java\jdk1.8.0_144\jre\lib\resources.jar;C:\Program Files\Java\jdk1.8.0_144\jre\lib\rt.jar;C:\Program Files\Java\jdk1.8.0_144\jre\lib\sunrsasign.jar;C:\Program Files\Java\jdk1.8.0_144\jre\lib\jsse.jar;C:\Program Files\Java\jdk1.8.0_144\jre\lib\jce.jar;C:\Program Files\Java\jdk1.8.0_144\jre\lib\charsets.jar;C:\Program Files\Java\jdk1.8.0_144\jre\lib\jfr.jar;C:\Program Files\Java\jdk1.8.0_144\jre\classes"/>
    <property name="user.script" value=""/>
    <property name="sun.management.compiler" value="HotSpot 64-Bit Tiered Compilers"/>
    <property name="java.runtime.version" value="1.8.0_144-b01"/>
    <property name="user.name" value="devendra_parate"/>
    <property name="path.separator" value=";"/>
    <property name="os.version" value="10.0"/>
    <property name="java.endorsed.dirs" value="C:\Program Files\Java\jdk1.8.0_144\jre\lib\endorsed"/>
    <property name="java.runtime.name" value="Java(TM) SE Runtime Environment"/>
    <property name="file.encoding" value="Cp1252"/>
    <property name="java.vm.name" value="Java HotSpot(TM) 64-Bit Server VM"/>
    <property name="localRepository" value="C:\Users\devendra_parate\.m2\repository"/>
    <property name="java.vendor.url.bug" value="http://bugreport.sun.com/bugreport/"/>
    <property name="java.io.tmpdir" value="C:\Users\DEVEND~1\AppData\Local\Temp\"/>
    <property name="java.version" value="1.8.0_144"/>
    <property name="user.dir" value="D:\UdemyWS\MavenDemoProject\DemoMavenProject"/>
    <property name="os.arch" value="amd64"/>
    <property name="java.vm.specification.name" value="Java Virtual Machine Specification"/>
    <property name="java.awt.printerjob" value="sun.awt.windows.WPrinterJob"/>
    <property name="sun.os.patch.level" value=""/>
    <property name="java.library.path" value="C:\Program Files\Java\jdk1.8.0_144\jre\bin;C:\WINDOWS\Sun\Java\bin;C:\WINDOWS\system32;C:\WINDOWS;C:\ProgramData\Oracle\Java\javapath;C:\WINDOWS\system32;C:\WINDOWS;C:\WINDOWS\System32\Wbem;C:\WINDOWS\System32\WindowsPowerShell\v1.0\;%JAVA_HOME%\bin;C:\Program Files\nodejs\;D:\softwares\apache-maven-3.6.3-bin\apache-maven-3.6.3\bin;C:\Program Files\TortoiseGit\bin;C:\Program Files\Git\cmd;C:\WINDOWS\System32\OpenSSH\;C:\Program Files (x86)\Java\jre1.8.0_101\bin;C:\Program Files\Zulu\zulu-11\bin\;C:\Ruby25-x64\bin;C:\Users\devendra_parate\AppData\Local\Microsoft\WindowsApps;C:\Users\devendra_parate\AppData\Roaming\npm;D:\httpd-2.4.38-win64-VC15\Apache24\bin;;."/>
    <property name="java.vm.info" value="mixed mode"/>
    <property name="java.vendor" value="Oracle Corporation"/>
    <property name="java.vm.version" value="25.144-b01"/>
    <property name="java.ext.dirs" value="C:\Program Files\Java\jdk1.8.0_144\jre\lib\ext;C:\WINDOWS\Sun\Java\lib\ext"/>
    <property name="sun.io.unicode.encoding" value="UnicodeLittle"/>
    <property name="java.class.version" value="52.0"/>
  </properties>
  <testcase name="cashDeposit" classname="UdemyQA.DemoMavenProject.DepositTest" time="0.046"/>
  <testcase name="chequeDeposit" classname="UdemyQA.DemoMavenProject.DepositTest" time="0.002"/>
  <testcase name="login" classname="UdemyQA.DemoMavenProject.LoginTest" time="0.004"/>
  <testcase name="openAccount" classname="UdemyQA.DemoMavenProject.LoginTest" time="0.003"/>
</testsuite>