<?xml version="1.0" encoding="UTF-8"?>
<!-- Generated by org.testng.reporters.JUnitReportReporter -->
<testsuite skipped="0" hostname="NGL010915" name="UdemyQA.DemoMavenProject.WithdrawalTest" tests="2" failures="0" timestamp="05 Dec 2019 13:13:18 GMT" time="0.000" errors="0">
  <testcase name="cashWithdrawal" time="0.000" classname="UdemyQA.DemoMavenProject.WithdrawalTest"/>
  <testcase name="chequeWithdrawal" time="0.000" classname="UdemyQA.DemoMavenProject.WithdrawalTest"/>
</testsuite> <!-- UdemyQA.DemoMavenProject.WithdrawalTest -->
