<?xml version="1.0" encoding="UTF-8"?>
<!-- Generated by org.testng.reporters.JUnitReportReporter -->
<testsuite skipped="0" hostname="NGL010915" name="UdemyQA.DemoMavenProject.DepositTest" tests="2" failures="0" timestamp="05 Dec 2019 15:27:35 GMT" time="0.010" errors="0">
  <testcase name="cashDeposit" time="0.010" classname="UdemyQA.DemoMavenProject.DepositTest"/>
  <testcase name="chequeDeposit" time="0.000" classname="UdemyQA.DemoMavenProject.DepositTest"/>
</testsuite> <!-- UdemyQA.DemoMavenProject.DepositTest -->
