<?xml version="1.0" encoding="UTF-8"?>
<!-- Generated by org.testng.reporters.JUnitReportReporter -->
<testsuite skipped="0" hostname="NGL010915" name="UdemyQA.DemoMavenProject.LoginTest" tests="2" failures="0" timestamp="05 Dec 2019 15:27:35 GMT" time="0.000" errors="0">
  <testcase name="openAccount" time="0.000" classname="UdemyQA.DemoMavenProject.LoginTest"/>
  <testcase name="login" time="0.000" classname="UdemyQA.DemoMavenProject.LoginTest"/>
</testsuite> <!-- UdemyQA.DemoMavenProject.LoginTest -->
